<?xml version="1.0" encoding="UTF-8"?>
<testng-results ignored="0" total="1" passed="1" failed="0" skipped="0">
  <reporter-output>
  </reporter-output>
  <suite started-at="2024-03-22T11:42:39 IST" name="Default suite" finished-at="2024-03-22T11:42:44 IST" duration-ms="5089">
    <groups>
    </groups>
    <test started-at="2024-03-22T11:42:39 IST" name="Default test" finished-at="2024-03-22T11:42:44 IST" duration-ms="5089">
      <class name="FirstPackage.Org">
        <test-method signature="loginTest()[pri:0, instance:FirstPackage.Org@4d02f94e]" started-at="2024-03-22T11:42:39 IST" name="loginTest" finished-at="2024-03-22T11:42:44 IST" duration-ms="5047" status="PASS">
          <reporter-output>
          </reporter-output>
        </test-method> <!-- loginTest -->
      </class> <!-- FirstPackage.Org -->
    </test> <!-- Default test -->
  </suite> <!-- Default suite -->
</testng-results>
